Add Component: Footprint Not Found ARDUINO_A000066
Add Component: Footprint Not Found ARDUINO_A000066
Add Component: Footprint Not Found 691111710002
Add Component: Footprint Not Found 691111710002
Add Component: Footprint Not Found 691111710002
Add Component: Footprint Not Found 691111710002
Add Component: Footprint Not Found 691111710002
Add Component: Footprint Not Found 691111710002
Add Component: Footprint Not Found 691111710002
Added Component: Designator=J8(691111710002)
Add component (AddParameter): Name = "Check_prices"; Value = "https://www.snapeda.com/parts/691111710002/Wurth+Electronics+Inc./view-part/?ref=eda"; VariantName = "[No Variations]"
Add component (AddParameter): Name = "MF"; Value = "Wurth Electronics"; VariantName = "[No Variations]"
Add component (AddParameter): Name = "MP"; Value = "691111710002"; VariantName = "[No Variations]"
Add component (AddParameter): Name = "Package"; Value = "None"; VariantName = "[No Variations]"
Add component (AddParameter): Name = "SnapEDA_Link"; Value = "https://www.snapeda.com/parts/691111710002/Wurth+Electronics+Inc./view-part/?ref=snap"; VariantName = "[No Variations]"
Add component (AddParameter): Name = "Value"; Value = ""; VariantName = "[No Variations]"
Add Component: Footprint Not Found 691111710002
Add Component: Footprint Not Found 691111710002
Add Component: Footprint Not Found JF-2_1X2_TU_SSQ
Add Component: Footprint Not Found JF-2_1X2_TU_SSQ
Add Component: Footprint Not Found JF-2_1X2_TU_SSQ
Add Component: Footprint Not Found 6_PIN_100MIL-Male
Add Component: Footprint Not Found JF_TE_5-535541-1
Add Component: Footprint Not Found JF_TE_5-535541-1
Add Component: Footprint Not Found LED_1206
Add Component: Footprint Not Found LED_1206
Add Component: Footprint Not Found LED_1206
Add Component: Footprint Not Found LED_1206
Add Component: Footprint Not Found TO220V
Add Component: Footprint Not Found TO220V
Add Component: Footprint Not Found TO254P469X1042X1967-3P
Add Component: Footprint Not Found TO254P469X1042X1967-3P
Add Component: Footprint Not Found TO254P469X1042X1967-3P
Add Component: Footprint Not Found TO220V
Add Component: Footprint Not Found TO220V
Add Component: Footprint Not Found Switch_JLC
Added Net: Name=+12
Added Pin To Net: NetName=GND Pin=J8-1
Added Net: Name=GND
Added Pin To Net: NetName=NetA1_5V Pin=J8-2
Added Net: Name=NetA1_5V
Added Net: Name=NetA1_A0
Added Net: Name=NetA1_A1
Added Net: Name=NetA1_D0
Added Net: Name=NetA1_D1
Added Net: Name=NetA1_D8
Added Net: Name=NetA1_D9
Added Net: Name=NetA1_D10
Added Net: Name=NetA1_GND_1
Added Net: Name=NetJ1_2
Added Net: Name=NetJ2_2
Added Net: Name=NetJ3_2
Added Net: Name=NetJ11_2
Added Net: Name=NetJ12_2
Added Net: Name=NetJ13_2
Added Net: Name=NetJ14_1
Added Net: Name=NetJ14_2
Added Net: Name=NetJ14_3
Added Net: Name=NetJ14_4
Added Net: Name=NetJ14_5
Added Net: Name=NetJ14_6
Added Net: Name=VCC
Added Class: Name=Water_Smart_SchematicV2
Added Class: Name=Water_SmartSchematicV1
