Add Component: Footprint Not Found ARDUINO_A000066
Added Component: Designator=J1(691111710002)
Add component (AddParameter): Name = "Check_prices"; Value = "https://www.snapeda.com/parts/691111710002/Wurth+Electronics+Inc./view-part/?ref=eda"; VariantName = "[No Variations]"
Add component (AddParameter): Name = "MF"; Value = "Wurth Electronics"; VariantName = "[No Variations]"
Add component (AddParameter): Name = "MP"; Value = "691111710002"; VariantName = "[No Variations]"
Add component (AddParameter): Name = "Package"; Value = "None"; VariantName = "[No Variations]"
Add component (AddParameter): Name = "SnapEDA_Link"; Value = "https://www.snapeda.com/parts/691111710002/Wurth+Electronics+Inc./view-part/?ref=snap"; VariantName = "[No Variations]"
Add component (AddParameter): Name = "Value"; Value = ""; VariantName = "[No Variations]"
Added Component: Designator=J2(691111710002)
Add component (AddParameter): Name = "Check_prices"; Value = "https://www.snapeda.com/parts/691111710002/Wurth+Electronics+Inc./view-part/?ref=eda"; VariantName = "[No Variations]"
Add component (AddParameter): Name = "MF"; Value = "Wurth Electronics"; VariantName = "[No Variations]"
Add component (AddParameter): Name = "MP"; Value = "691111710002"; VariantName = "[No Variations]"
Add component (AddParameter): Name = "Package"; Value = "None"; VariantName = "[No Variations]"
Add component (AddParameter): Name = "SnapEDA_Link"; Value = "https://www.snapeda.com/parts/691111710002/Wurth+Electronics+Inc./view-part/?ref=snap"; VariantName = "[No Variations]"
Add component (AddParameter): Name = "Value"; Value = ""; VariantName = "[No Variations]"
Added Component: Designator=J4(691111710002)
Add component (AddParameter): Name = "Check_prices"; Value = "https://www.snapeda.com/parts/691111710002/Wurth+Electronics+Inc./view-part/?ref=eda"; VariantName = "[No Variations]"
Add component (AddParameter): Name = "MF"; Value = "Wurth Electronics"; VariantName = "[No Variations]"
Add component (AddParameter): Name = "MP"; Value = "691111710002"; VariantName = "[No Variations]"
Add component (AddParameter): Name = "Package"; Value = "None"; VariantName = "[No Variations]"
Add component (AddParameter): Name = "SnapEDA_Link"; Value = "https://www.snapeda.com/parts/691111710002/Wurth+Electronics+Inc./view-part/?ref=snap"; VariantName = "[No Variations]"
Add component (AddParameter): Name = "Value"; Value = ""; VariantName = "[No Variations]"
Added Component: Designator=J5(691111710002)
Add component (AddParameter): Name = "Check_prices"; Value = "https://www.snapeda.com/parts/691111710002/Wurth+Electronics+Inc./view-part/?ref=eda"; VariantName = "[No Variations]"
Add component (AddParameter): Name = "MF"; Value = "Wurth Electronics"; VariantName = "[No Variations]"
Add component (AddParameter): Name = "MP"; Value = "691111710002"; VariantName = "[No Variations]"
Add component (AddParameter): Name = "Package"; Value = "None"; VariantName = "[No Variations]"
Add component (AddParameter): Name = "SnapEDA_Link"; Value = "https://www.snapeda.com/parts/691111710002/Wurth+Electronics+Inc./view-part/?ref=snap"; VariantName = "[No Variations]"
Add component (AddParameter): Name = "Value"; Value = ""; VariantName = "[No Variations]"
Added Component: Designator=J8(691111710002)
Add component (AddParameter): Name = "Check_prices"; Value = "https://www.snapeda.com/parts/691111710002/Wurth+Electronics+Inc./view-part/?ref=eda"; VariantName = "[No Variations]"
Add component (AddParameter): Name = "MF"; Value = "Wurth Electronics"; VariantName = "[No Variations]"
Add component (AddParameter): Name = "MP"; Value = "691111710002"; VariantName = "[No Variations]"
Add component (AddParameter): Name = "Package"; Value = "None"; VariantName = "[No Variations]"
Add component (AddParameter): Name = "SnapEDA_Link"; Value = "https://www.snapeda.com/parts/691111710002/Wurth+Electronics+Inc./view-part/?ref=snap"; VariantName = "[No Variations]"
Add component (AddParameter): Name = "Value"; Value = ""; VariantName = "[No Variations]"
Added Component: Designator=J9(691111710002)
Add component (AddParameter): Name = "Check_prices"; Value = "https://www.snapeda.com/parts/691111710002/Wurth+Electronics+Inc./view-part/?ref=eda"; VariantName = "[No Variations]"
Add component (AddParameter): Name = "MF"; Value = "Wurth Electronics"; VariantName = "[No Variations]"
Add component (AddParameter): Name = "MP"; Value = "691111710002"; VariantName = "[No Variations]"
Add component (AddParameter): Name = "Package"; Value = "None"; VariantName = "[No Variations]"
Add component (AddParameter): Name = "SnapEDA_Link"; Value = "https://www.snapeda.com/parts/691111710002/Wurth+Electronics+Inc./view-part/?ref=snap"; VariantName = "[No Variations]"
Add component (AddParameter): Name = "Value"; Value = ""; VariantName = "[No Variations]"
Add Component: Footprint Not Found TO220V
Add Component: Footprint Not Found TO220V
Add Component: Footprint Not Found TO220V
Add Pin To Net: Unknown Pin: Pin A1-5V
Add Pin To Net: Unknown Pin: Pin A1-A0
Add Pin To Net: Unknown Pin: Pin A1-A1
Add Pin To Net: Unknown Pin: Pin A1-D0
Add Pin To Net: Unknown Pin: Pin A1-D1
Add Pin To Net: Unknown Pin: Pin A1-D8
Add Pin To Net: Unknown Pin: Pin A1-D9
Add Pin To Net: Unknown Pin: Pin A1-D10
Add Pin To Net: Unknown Pin: Pin A1-GND_1
Add Pin To Net: Unknown Pin: Pin A1-GND_2
Add Pin To Net: Unknown Pin: Pin A1-GND_3
Added Pin To Net: NetName=+12 Pin=J1-1
Added Pin To Net: NetName=NetJ1_2 Pin=J1-2
Added Pin To Net: NetName=NetJ2_1 Pin=J2-1
Added Pin To Net: NetName=NetJ2_2 Pin=J2-2
Added Pin To Net: NetName=NetA1_D1 Pin=J4-1
Added Pin To Net: NetName=NetA1_D0 Pin=J4-2
Added Pin To Net: NetName=GND Pin=J5-1
Added Pin To Net: NetName=NetA1_D8 Pin=J5-2
Added Pin To Net: NetName=GND Pin=J8-1
Added Pin To Net: NetName=NetA1_5V Pin=J8-2
Added Pin To Net: NetName=NetA1_A1 Pin=J9-1
Added Pin To Net: NetName=NetA1_A0 Pin=J9-2
Add Pin To Net: Unknown Pin: Pin Q1-1
Add Pin To Net: Unknown Pin: Pin Q1-2
Add Pin To Net: Unknown Pin: Pin Q1-3
Add Pin To Net: Unknown Pin: Pin Q2-1
Add Pin To Net: Unknown Pin: Pin Q2-2
Add Pin To Net: Unknown Pin: Pin Q2-3
Add Pin To Net: Unknown Pin: Pin Q3-1
Add Pin To Net: Unknown Pin: Pin Q3-2
Add Pin To Net: Unknown Pin: Pin Q3-3
Add Class Member: Failed to add class member : Component A1 A000066
Added Member To Class: ClassName=Water_Smart_SchematicV2 Member=Component J1 691111710002
Added Member To Class: ClassName=Water_Smart_SchematicV2 Member=Component J2 691111710002
Added Member To Class: ClassName=Water_Smart_SchematicV2 Member=Component J4 691111710002
Added Member To Class: ClassName=Water_Smart_SchematicV2 Member=Component J5 691111710002
Added Member To Class: ClassName=Water_Smart_SchematicV2 Member=Component J8 691111710002
Added Member To Class: ClassName=Water_Smart_SchematicV2 Member=Component J9 691111710002
Add Class Member: Failed to add class member : Component Q1 FQP30N06L
Add Class Member: Failed to add class member : Component Q2 FQP30N06L
Add Class Member: Failed to add class member : Component Q3 FQP30N06L
